<?xml version="1.0" encoding="UTF-8"?>
<!-- Generated by org.testng.reporters.JUnitReportReporter -->
<testsuite hostname="TYSS-Rakesh" failures="0" tests="2" name="grid.testng.SampleTest" time="24.922" errors="0" timestamp="27 Jan 2018 12:13:34 GMT" skipped="0">
  <testcase classname="grid.testng.SampleTest" name="runTest" time="14.898"/>
  <testcase classname="grid.testng.SampleTest" name="runTest" time="10.024"/>
</testsuite> <!-- grid.testng.SampleTest -->
